<?xml version="1.0" encoding="UTF-8"?>
<!-- Generated by org.testng.reporters.JUnitReportReporter -->
<testsuite hostname="ATMECSINDT-030" failures="0" tests="1" name="com.falcon.testscripts.viewpage.ExportFile" time="7.336" errors="0" timestamp="05 Aug 2019 05:07:33 GMT" skipped="0">
  <testcase classname="com.falcon.testscripts.viewpage.ExportFile" name="verifyDownload" time="7.336"/>
</testsuite> <!-- com.falcon.testscripts.viewpage.ExportFile -->
