<?xml version="1.0" encoding="UTF-8"?>
<!-- Generated by org.testng.reporters.JUnitReportReporter -->
<testsuite hostname="ATMECSINDT-030" failures="0" tests="2" name="com.falcon.testscripts.viewpage.ViewPageTest" time="15.178" errors="0" timestamp="04 Aug 2019 15:24:04 GMT" skipped="0">
  <testcase classname="com.falcon.testscripts.viewpage.ViewPageTest" name="getPassTestResults" time="13.864"/>
  <testcase classname="com.falcon.testscripts.viewpage.ViewPageTest" name="getFailTestResults" time="1.314"/>
</testsuite> <!-- com.falcon.testscripts.viewpage.ViewPageTest -->
