<?xml version="1.0" encoding="UTF-8"?>
<!-- Generated by org.testng.reporters.JUnitReportReporter -->
<testsuite hostname="ATMECSINDT-030" failures="0" tests="1" name="com.toolsqa.ToolsQa.App" time="0.048" errors="0" timestamp="13 Aug 2019 05:54:30 GMT" skipped="0">
  <testcase classname="com.toolsqa.ToolsQa.App" name="main" time="0.048"/>
</testsuite> <!-- com.toolsqa.ToolsQa.App -->
