<?xml version="1.0" encoding="UTF-8"?>
<!-- Generated by org.testng.reporters.JUnitReportReporter -->
<testsuite hostname="ATMECSINDT-030" failures="0" tests="1" name="com.toolsqa.testscripts.ValidateHome" time="0.571" errors="0" timestamp="13 Aug 2019 13:50:02 GMT" skipped="0">
  <testcase classname="com.toolsqa.testscripts.ValidateHome" name="validatePage" time="0.571"/>
</testsuite> <!-- com.toolsqa.testscripts.ValidateHome -->
