<?xml version="1.0" encoding="UTF-8"?>
<!-- Generated by org.testng.reporters.JUnitReportReporter -->
<testsuite hostname="ATMECSINDT-030" failures="0" tests="1" name="com.atmecs.jetblue.testscripts.HomePage" time="5.256" errors="0" timestamp="20 Sep 2019 13:31:17 GMT" skipped="0">
  <testcase classname="com.atmecs.jetblue.testscripts.HomePage" name="testWithTouchAction" time="5.256"/>
</testsuite> <!-- com.atmecs.jetblue.testscripts.HomePage -->
