<?xml version="1.0" encoding="UTF-8"?>
<!-- Generated by org.testng.reporters.JUnitReportReporter -->
<testsuite hostname="ATMECSINDT-030" failures="0" tests="2" name="com.falcon.testscripts.viewpage.ViewPageTest" time="6.783" errors="0" timestamp="02 Aug 2019 10:46:21 GMT" skipped="0">
  <testcase classname="com.falcon.testscripts.viewpage.ViewPageTest" name="getPassTestResults" time="5.631"/>
  <testcase classname="com.falcon.testscripts.viewpage.ViewPageTest" name="getFailTestResults" time="1.152"/>
</testsuite> <!-- com.falcon.testscripts.viewpage.ViewPageTest -->
