<?xml version="1.0" encoding="UTF-8"?>
<!-- Generated by org.testng.reporters.JUnitReportReporter -->
<testsuite hostname="ATMECSINDT-030" failures="0" tests="3" name="com.falcon.testscripts.viewpage.ToggleDashboard" time="8.506" errors="0" timestamp="02 Aug 2019 10:34:47 GMT" skipped="0">
  <testcase classname="com.falcon.testscripts.viewpage.ToggleDashboard" name="getPassTestResults" time="1.336"/>
  <testcase classname="com.falcon.testscripts.viewpage.ToggleDashboard" name="validateToggleDashBoard" time="6.083"/>
  <testcase classname="com.falcon.testscripts.viewpage.ToggleDashboard" name="getFailTestResults" time="1.087"/>
</testsuite> <!-- com.falcon.testscripts.viewpage.ToggleDashboard -->
