<?xml version="1.0" encoding="UTF-8"?>
<!-- Generated by org.testng.reporters.JUnitReportReporter -->
<testsuite hostname="ATMECSINDT-030" failures="0" tests="3" name="com.falcon.testscripts.viewpage.SortingTestCaseName" time="9.805" errors="0" timestamp="02 Aug 2019 10:34:47 GMT" skipped="0">
  <testcase classname="com.falcon.testscripts.viewpage.SortingTestCaseName" name="sortTestCaseNames" time="7.270"/>
  <testcase classname="com.falcon.testscripts.viewpage.SortingTestCaseName" name="getPassTestResults" time="1.381"/>
  <testcase classname="com.falcon.testscripts.viewpage.SortingTestCaseName" name="getFailTestResults" time="1.154"/>
</testsuite> <!-- com.falcon.testscripts.viewpage.SortingTestCaseName -->
