<?xml version="1.0" encoding="UTF-8"?>
<!-- Generated by org.testng.reporters.JUnitReportReporter -->
<testsuite hostname="ATMECSINDT-030" failures="0" tests="1" name="com.atmecs.MobileAppiumProject.helper.SeachFlightPageHelper" time="0.871" errors="0" timestamp="2019-09-24T02:50:34 GMT-06:00" skipped="0">
  <testcase classname="com.atmecs.MobileAppiumProject.helper.SeachFlightPageHelper" name="clickOnElement" time="0.871"/>
</testsuite> <!-- com.atmecs.MobileAppiumProject.helper.SeachFlightPageHelper -->
