<?xml version="1.0" encoding="UTF-8"?>
<!-- Generated by org.testng.reporters.JUnitReportReporter -->
<testsuite hostname="ATMECSINDT-030" failures="0" tests="1" name="com.atmecs.MobileAppiumProject.App" time="4.642" errors="0" timestamp="2019-09-23T01:43:55 GMT-06:00" skipped="0">
  <testcase classname="com.atmecs.MobileAppiumProject.App" name="Register" time="4.642"/>
</testsuite> <!-- com.atmecs.MobileAppiumProject.App -->
