<?xml version="1.0" encoding="UTF-8"?>
<!-- Generated by org.testng.reporters.JUnitReportReporter -->
<testsuite hostname="ATMECSINDT-030" failures="0" tests="2" name="com.falcon.pages.View" time="6.026" errors="0" timestamp="02 Aug 2019 08:06:05 GMT" skipped="0">
  <testcase classname="com.falcon.pages.View" name="getPassTestResults" time="4.936"/>
  <testcase classname="com.falcon.pages.View" name="getFailTestResults" time="1.090"/>
</testsuite> <!-- com.falcon.pages.View -->
