<?xml version="1.0" encoding="UTF-8"?>
<!-- Generated by org.testng.reporters.JUnitReportReporter -->
<testsuite hostname="ATMECSINDT-030" failures="0" tests="3" name="com.falcon.testscripts.viewpage.SortingTestCaseName" time="16.018" errors="0" timestamp="04 Aug 2019 15:24:04 GMT" skipped="0">
  <testcase classname="com.falcon.testscripts.viewpage.SortingTestCaseName" name="getPassTestResults" time="2.994"/>
  <testcase classname="com.falcon.testscripts.viewpage.SortingTestCaseName" name="sortTestCaseNames" time="11.669"/>
  <testcase classname="com.falcon.testscripts.viewpage.SortingTestCaseName" name="getFailTestResults" time="1.355"/>
</testsuite> <!-- com.falcon.testscripts.viewpage.SortingTestCaseName -->
