<?xml version="1.0" encoding="UTF-8"?>
<!-- Generated by org.testng.reporters.JUnitReportReporter -->
<testsuite hostname="ATMECSINDT-030" failures="0" tests="1" name="com.falcon.testscripts.viewpage.Try" time="0.013" errors="0" timestamp="04 Aug 2019 13:48:38 GMT" skipped="0">
  <testcase classname="com.falcon.testscripts.viewpage.Try" name="main" time="0.013"/>
</testsuite> <!-- com.falcon.testscripts.viewpage.Try -->
