<?xml version="1.0" encoding="UTF-8"?>
<!-- Generated by org.testng.reporters.JUnitReportReporter -->
<testsuite hostname="ATMECSINDT-030" failures="0" tests="3" name="com.falcon.testscripts.viewpage.ToggleDashboard" time="18.576" errors="0" timestamp="04 Aug 2019 15:24:04 GMT" skipped="0">
  <testcase classname="com.falcon.testscripts.viewpage.ToggleDashboard" name="validateToggleDashBoard" time="14.743"/>
  <testcase classname="com.falcon.testscripts.viewpage.ToggleDashboard" name="getPassTestResults" time="2.572"/>
  <testcase classname="com.falcon.testscripts.viewpage.ToggleDashboard" name="getFailTestResults" time="1.261"/>
</testsuite> <!-- com.falcon.testscripts.viewpage.ToggleDashboard -->
