<?xml version="1.0" encoding="UTF-8"?>
<!-- Generated by org.testng.reporters.JUnitReportReporter -->
<testsuite hostname="ATMECSINDT-030" failures="0" tests="1" name="restAssured1.GetInfo" time="2.683" errors="0" timestamp="15 Jul 2019 13:25:00 GMT" skipped="0">
  <testcase classname="restAssured1.GetInfo" name="test2" time="2.683"/>
</testsuite> <!-- restAssured1.GetInfo -->
