<?xml version="1.0" encoding="UTF-8"?>
<!-- Generated by org.testng.reporters.JUnitReportReporter -->
<testsuite hostname="ATMECSINDT-030" failures="0" tests="1" name="restAssured1.GetReqClass" time="2.560" errors="0" timestamp="12 Jul 2019 12:21:55 GMT" skipped="0">
  <testcase classname="restAssured1.GetReqClass" name="getEmployee" time="2.560"/>
</testsuite> <!-- restAssured1.GetReqClass -->
